::1 - - [18/Mar/2022:03:16:53 +0000] "GET /report?start_date=2011-04-19T11%3A48%3A00&end_date=2022-03-16T09%3A38%3A00&city=Canberra&country=AU&key_terms=Outbreak%2CHantavirus HTTP/1.1" 200 1074
::1 - - [18/Mar/2022:03:27:05 +0000] "GET /report/detail/13315 HTTP/1.1" 200 2
::1 - - [18/Mar/2022:03:27:27 +0000] "GET /report/detail/12345 HTTP/1.1" 200 2
::1 - - [18/Mar/2022:03:28:25 +0000] "GET /report?start_date=2011-04-19T11%3A48%3A00&end_date=2022-03-16T09%3A38%3A00&city=Old%20York&country=AU&key_terms=Outbreak%2CHantavirus HTTP/1.1" 200 2
::1 - - [18/Mar/2022:03:32:16 +0000] "GET /report?start_date=2011-04-19T11%3A48%3A00&end_date=2022-03-16T09%3A38%3A00&city=Canberra&country=AU&key_terms=Outbreak%2CHantavirus HTTP/1.1" 200 1074
::1 - - [18/Mar/2022:03:32:50 +0000] "GET /report?start_date=2011-04-19T11%3A48%3A00&end_date=2022-03-16T09%3A38%3A00&city=Old%20York%20Dunk&country=AU&key_terms=Outbreak%2CHantavirus HTTP/1.1" 200 2
::1 - - [18/Mar/2022:03:33:24 +0000] "GET /report?start_date=2011-04-19T11%3A48%3A00&end_date=&city=Old%20York%20Dunk&country=AU&key_terms=Outbreak%2CHantavirus HTTP/1.1" 200 2
::1 - - [18/Mar/2022:03:34:18 +0000] "GET /report?start_date=2011-04-19T11%3A48%3A00&end_date=&city=Canberra&country=AU&key_terms=Outbreak%2CHantavirus HTTP/1.1" 200 2
::1 - - [18/Mar/2022:03:41:52 +0000] "GET /report?start_date=2011-04-19T11%3A48%3A00&end_date=2022-03-16T09%3A38%3A00&city=Canberra&country=AU&key_terms=Outbreak%2CHantavirus HTTP/1.1" 200 1074
::1 - - [18/Mar/2022:03:49:55 +0000] "GET /report?start_date=2011-04-19T11%3A48%3A00&end_date=2022-03-16T09%3A38%3A00&city=Canberra&country=AU&key_terms=Outbreak%2CHantavirus HTTP/1.1" 200 1074
::1 - - [18/Mar/2022:03:52:58 +0000] "GET /report?start_date=2011-04-19T11%3A48%3A00&end_date=2022-03-16T09%3A38%3A00&city=Canberra&country=AU&key_terms=Outbreak%2CHantavirus HTTP/1.1" 200 1074
::1 - - [18/Mar/2022:04:26:34 +0000] "GET /report?start_date=2011-04-19T11%3A48%3A00&end_date=2022-03-16T09%3A38%3A00&city=Canberra&country=AU&key_terms=Outbreak%2CHantavirus HTTP/1.1" 200 1074
::1 - - [18/Mar/2022:04:27:40 +0000] "GET /report?start_date=2011-04-19T11%3A48%3A00&end_date=2022-03-16T09%3A38%3A00&city=Canberra&country=AU&key_terms=Outbreak%2CHantavirus HTTP/1.1" 200 1074
::1 - - [18/Mar/2022:04:36:38 +0000] "GET /report?start_date=2011-04-19T11%3A48%3A00&end_date=2022-03-16T09%3A38%3A00&city=Canberra&country=AU&key_terms=Outbreak%2CHantavirus HTTP/1.1" 200 158
::1 - - [18/Mar/2022:04:36:47 +0000] "GET /report?start_date=2011-04-19T11%3A48%3A00&end_date=2022-31-16T09%3A38%3A00&city=Canberra&country=AU&key_terms=Outbreak%2CHantavirus HTTP/1.1" 200 2
::1 - - [18/Mar/2022:04:37:57 +0000] "GET /report?start_date=2011-04-19T11%3A48%3A00&end_date=&city=Canberra&country=AU&key_terms=Outbreak%2CHantavirus HTTP/1.1" 400 32
::1 - - [18/Mar/2022:04:38:28 +0000] "GET /report?start_date=2011-04-19T11%3A48%3A00&end_date=&city=Canberra&country=AU&key_terms=Outbreak%2CHantavirus HTTP/1.1" 400 32
::1 - - [18/Mar/2022:04:39:14 +0000] "GET /report?start_date=2011-04-19T11%3A48%3A00&end_date=2022-03-16T09%3A38%3A00&city=Old%20Donk%20City&country=AU&key_terms=Outbreak%2CHantavirus HTTP/1.1" 200 2
::1 - - [18/Mar/2022:04:39:51 +0000] "GET /report?start_date=2011-04-19T11%3A48%3A00&end_date=2022-03-16T09%3A38%3A00&city=Canberra&country=AU&key_terms=Outbreak%2CHantavirus HTTP/1.1" 200 158
::1 - - [18/Mar/2022:04:47:03 +0000] "GET /report?start_date=2011-04-19T11%3A48%3A00&end_date=2022-03-16T09%3A38%3A00&city=Canberra&country=AU&key_terms=Outbreak%2CHantavirus HTTP/1.1" 200 158
::1 - - [18/Mar/2022:04:51:23 +0000] "GET /report?start_date=2011-04-19T11%3A48%3A00&end_date=2022-03-16T09%3A38%3A00&city=&country=AU&key_terms=Outbreak%2CHantavirus HTTP/1.1" 400 32
::1 - - [18/Mar/2022:04:51:39 +0000] "GET /report?start_date=2011-04-19T11%3A48%3A00&end_date=2022-03-16T09%3A38%3A00&city=Canberra&country=&key_terms=Outbreak%2CHantavirus HTTP/1.1" 400 32
::1 - - [18/Mar/2022:04:53:17 +0000] "GET /report?start_date=2011-04-19T11%3A48%3A00&end_date=2022-03-16T09%3A38%3A00&city=Canberra&country=AU&key_terms= HTTP/1.1" 200 158
::1 - - [18/Mar/2022:04:55:18 +0000] "GET /report?start_date=2011-04-19T11%3A48%3A00&end_date=2022-03-16T09%3A38%3A00&city=Canberra&country=AU&key_terms=Outbreak%2CHantavirus HTTP/1.1" 200 1245
::1 - - [18/Mar/2022:04:56:10 +0000] "GET /report?start_date=2011-04-19T11%3A48%3A00&end_date=2022-03-16T09%3A38%3A00&city=Canberra&country=&key_terms=Outbreak%2CHantavirus HTTP/1.1" 400 32
::1 - - [18/Mar/2022:04:56:49 +0000] "GET /report?start_date=2011-04-19T11%3A48%3A00&end_date=2022-03-16T09%3A38%3A00&city=Canberra&country=AU&key_terms= HTTP/1.1" 200 10441
::1 - - [18/Mar/2022:04:57:27 +0000] "GET /report?start_date=2011-04-19T11%3A48%3A00&end_date=2022-03-16T09%3A38%3A00&city=&country=AU&key_terms=Outbreak%2CHantavirus HTTP/1.1" 400 32
::1 - - [18/Mar/2022:04:58:42 +0000] "GET /report?start_date=2011-04-19T11%3A48%3A00&end_date=gibberish&city=Canberra&country=AU&key_terms=Outbreak%2CHantavirus HTTP/1.1" 200 2
::1 - - [18/Mar/2022:04:59:03 +0000] "GET /report/detail/13315 HTTP/1.1" 200 2
::1 - - [18/Mar/2022:04:59:35 +0000] "GET /report/detail/13315 HTTP/1.1" 200 2
::1 - - [18/Mar/2022:04:59:46 +0000] "GET /report/detail/13315 HTTP/1.1" 200 2
::1 - - [28/Mar/2022:03:15:01 +0000] "GET /api-docs/ HTTP/1.1" 304 -
::1 - - [28/Mar/2022:03:15:02 +0000] "GET /api-docs/swagger-ui-init.js HTTP/1.1" 304 -
::1 - - [28/Mar/2022:03:15:02 +0000] "GET /api-docs/swagger-ui.css HTTP/1.1" 200 143858
::1 - - [28/Mar/2022:03:15:02 +0000] "GET /api-docs/swagger-ui-standalone-preset.js HTTP/1.1" 200 339479
::1 - - [28/Mar/2022:03:15:02 +0000] "GET /api-docs/swagger-ui-bundle.js HTTP/1.1" 200 1094602
::1 - - [28/Mar/2022:03:15:03 +0000] "GET /api-docs/favicon-32x32.png HTTP/1.1" 304 -
::1 - - [28/Mar/2022:03:15:35 +0000] "GET /report?start_date=2011-04-19T11%3A48%3A00&end_date=2022-03-16T09%3A38%3A00&city=Canberra&country=AU&key_terms=Outbreak%2CHantavirus HTTP/1.1" 200 3551
::1 - - [28/Mar/2022:03:16:07 +0000] "GET /api-docs/ HTTP/1.1" 304 -
::1 - - [28/Mar/2022:03:16:07 +0000] "GET /api-docs/swagger-ui.css HTTP/1.1" 304 -
::1 - - [28/Mar/2022:03:16:07 +0000] "GET /api-docs/swagger-ui-init.js HTTP/1.1" 304 -
::1 - - [28/Mar/2022:03:16:07 +0000] "GET /api-docs/swagger-ui-bundle.js HTTP/1.1" 304 -
::1 - - [28/Mar/2022:03:16:07 +0000] "GET /api-docs/swagger-ui-standalone-preset.js HTTP/1.1" 304 -
::1 - - [28/Mar/2022:03:16:07 +0000] "GET /api-docs/favicon-32x32.png HTTP/1.1" 304 -
::1 - - [28/Mar/2022:03:16:39 +0000] "GET /report?start_date=2011-04-19T11%3A48%3A00&end_date=2022-03-16T09%3A38%3A00&city=Canberra&country=AU&key_terms=Outbreak%2CHantavirus HTTP/1.1" 200 2317
::1 - - [28/Mar/2022:03:18:26 +0000] "GET /api-docs/ HTTP/1.1" 304 -
::1 - - [28/Mar/2022:03:18:26 +0000] "GET /api-docs/swagger-ui.css HTTP/1.1" 304 -
::1 - - [28/Mar/2022:03:18:26 +0000] "GET /api-docs/swagger-ui-bundle.js HTTP/1.1" 304 -
::1 - - [28/Mar/2022:03:18:26 +0000] "GET /api-docs/swagger-ui-init.js HTTP/1.1" 304 -
::1 - - [28/Mar/2022:03:18:26 +0000] "GET /api-docs/swagger-ui-standalone-preset.js HTTP/1.1" 304 -
::1 - - [28/Mar/2022:03:18:26 +0000] "GET /api-docs/favicon-32x32.png HTTP/1.1" 304 -
::1 - - [28/Mar/2022:03:18:55 +0000] "GET /report?start_date=2011-04-19T11%3A48%3A00&end_date=2022-03-16T09%3A38%3A00&city=Canberra&country=AU&key_terms=Outbreak%2CHantavirus HTTP/1.1" 200 2317
::1 - - [28/Mar/2022:03:22:53 +0000] "GET /api-docs/ HTTP/1.1" 304 -
::1 - - [28/Mar/2022:03:22:53 +0000] "GET /api-docs/swagger-ui.css HTTP/1.1" 304 -
::1 - - [28/Mar/2022:03:22:53 +0000] "GET /api-docs/swagger-ui-bundle.js HTTP/1.1" 304 -
::1 - - [28/Mar/2022:03:22:53 +0000] "GET /api-docs/swagger-ui-init.js HTTP/1.1" 304 -
::1 - - [28/Mar/2022:03:22:53 +0000] "GET /api-docs/swagger-ui-standalone-preset.js HTTP/1.1" 304 -
::1 - - [28/Mar/2022:03:22:53 +0000] "GET /api-docs/favicon-32x32.png HTTP/1.1" 304 -
::1 - - [28/Mar/2022:03:23:02 +0000] "GET /report?start_date=2011-04-19T11%3A48%3A00&end_date=2022-03-16T09%3A38%3A00&city=Canberra&country=AU&key_terms=Outbreak%2CHantavirus HTTP/1.1" 400 58
::1 - - [28/Mar/2022:03:29:12 +0000] "GET /api-docs/ HTTP/1.1" 304 -
::1 - - [28/Mar/2022:03:29:12 +0000] "GET /api-docs/swagger-ui.css HTTP/1.1" 304 -
::1 - - [28/Mar/2022:03:29:12 +0000] "GET /api-docs/swagger-ui-bundle.js HTTP/1.1" 304 -
::1 - - [28/Mar/2022:03:29:12 +0000] "GET /api-docs/swagger-ui-init.js HTTP/1.1" 304 -
::1 - - [28/Mar/2022:03:29:12 +0000] "GET /api-docs/swagger-ui-standalone-preset.js HTTP/1.1" 304 -
::1 - - [28/Mar/2022:03:29:12 +0000] "GET /api-docs/favicon-32x32.png HTTP/1.1" 304 -
::1 - - [28/Mar/2022:03:29:43 +0000] "GET /report?start_date=2011-04-19T11%3A48%3A00&end_date=2022-03-16T09%3A38%3A00&city=Canberra&country=AU&key_terms=Outbreak%2CHantavirus HTTP/1.1" 200 2317
